2019-03-25 17:54:02,453 [BombeRLeWorld] INFO: Initializing game world
2019-03-25 17:54:02,763 [BombeRLeWorld] INFO: Starting process for agent <ml_agent3>
2019-03-25 17:54:09,780 [BombeRLeWorld] INFO: Starting process for agent <ml_agent4>
2019-03-25 17:54:11,988 [BombeRLeWorld] INFO: Starting process for agent <simple_agent_0>
2019-03-25 17:54:12,258 [BombeRLeWorld] INFO: Starting process for agent <simple_agent_1>
2019-03-25 17:54:12,450 [BombeRLeWorld] INFO: STARTING ROUND #1
2019-03-25 17:54:14,787 [BombeRLeWorld] INFO: STARTING STEP 1
2019-03-25 17:54:14,797 [BombeRLeWorld] INFO: Agent <ml_agent4> chose action RIGHT in 0.00s.
2019-03-25 17:54:14,797 [BombeRLeWorld] INFO: Agent <simple_agent_0> chose action UP in 0.00s.
2019-03-25 17:54:14,797 [BombeRLeWorld] INFO: Agent <ml_agent3> chose action UP in 0.00s.
2019-03-25 17:54:14,798 [BombeRLeWorld] INFO: Agent <simple_agent_1> chose action LEFT in 0.00s.
2019-03-25 17:54:17,335 [BombeRLeWorld] INFO: STARTING STEP 2
2019-03-25 17:54:17,338 [BombeRLeWorld] INFO: Agent <simple_agent_0> chose action BOMB in 0.00s.
2019-03-25 17:54:17,339 [BombeRLeWorld] INFO: Agent <simple_agent_0> drops bomb at (1, 14)
2019-03-25 17:54:17,339 [BombeRLeWorld] INFO: Agent <simple_agent_1> chose action BOMB in 0.00s.
2019-03-25 17:54:17,339 [BombeRLeWorld] INFO: Agent <simple_agent_1> drops bomb at (14, 1)
2019-03-25 17:54:17,340 [BombeRLeWorld] INFO: Agent <ml_agent4> chose action BOMB in 0.00s.
2019-03-25 17:54:17,340 [BombeRLeWorld] INFO: Agent <ml_agent4> drops bomb at (2, 1)
2019-03-25 17:54:17,340 [BombeRLeWorld] INFO: Agent <ml_agent3> chose action BOMB in 0.00s.
2019-03-25 17:54:17,341 [BombeRLeWorld] INFO: Agent <ml_agent3> drops bomb at (15, 14)
2019-03-25 17:54:19,375 [BombeRLeWorld] INFO: STARTING STEP 3
2019-03-25 17:54:19,422 [BombeRLeWorld] INFO: Agent <ml_agent4> chose action LEFT in 0.03s.
2019-03-25 17:54:19,422 [BombeRLeWorld] INFO: Agent <ml_agent3> chose action DOWN in 0.00s.
2019-03-25 17:54:19,423 [BombeRLeWorld] INFO: Agent <simple_agent_1> chose action RIGHT in 0.00s.
2019-03-25 17:54:19,423 [BombeRLeWorld] INFO: Agent <simple_agent_0> chose action DOWN in 0.00s.
2019-03-25 17:54:20,339 [BombeRLeWorld] INFO: STARTING STEP 4
2019-03-25 17:54:21,088 [BombeRLeWorld] INFO: Agent <simple_agent_1> chose action DOWN in 0.00s.
2019-03-25 17:54:21,088 [BombeRLeWorld] INFO: Agent <simple_agent_0> chose action RIGHT in 0.00s.
2019-03-25 17:54:21,088 [BombeRLeWorld] INFO: Agent <ml_agent4> chose action DOWN in 0.00s.
2019-03-25 17:54:21,088 [BombeRLeWorld] INFO: Agent <ml_agent3> chose action LEFT in 0.00s.
2019-03-25 17:54:21,189 [BombeRLeWorld] INFO: STARTING STEP 5
2019-03-25 17:54:21,378 [BombeRLeWorld] INFO: Agent <simple_agent_0> chose action LEFT in 0.00s.
2019-03-25 17:54:21,379 [BombeRLeWorld] INFO: Agent <ml_agent3> chose action RIGHT in 0.04s.
2019-03-25 17:54:21,379 [BombeRLeWorld] INFO: Agent <ml_agent4> chose action UP in 0.00s.
2019-03-25 17:54:21,379 [BombeRLeWorld] INFO: Agent <simple_agent_1> chose action DOWN in 0.00s.
2019-03-25 17:54:23,106 [BombeRLeWorld] INFO: STARTING STEP 6
2019-03-25 17:54:24,008 [BombeRLeWorld] INFO: Agent <simple_agent_0> chose action RIGHT in 0.00s.
2019-03-25 17:54:24,008 [BombeRLeWorld] INFO: Agent <ml_agent4> chose action DOWN in 0.00s.
2019-03-25 17:54:24,008 [BombeRLeWorld] INFO: Agent <ml_agent3> chose action LEFT in 0.00s.
2019-03-25 17:54:24,008 [BombeRLeWorld] INFO: Agent <simple_agent_1> chose action UP in 0.00s.
2019-03-25 17:57:44,795 [BombeRLeWorld] INFO: WRAPPING UP ROUND #1
2019-03-25 17:57:45,668 [BombeRLeWorld] INFO: Agent <ml_agent3> loses 1 point for being slowest (avg. 0.008s)
2019-03-25 17:57:45,677 [BombeRLeWorld] INFO: SHUT DOWN
